Defaulting to user installation because normal site-packages is not writeable
Requirement already satisfied: fastapi==0.110.0 in /Users/sumanthreddy/Library/Python/3.9/lib/python/site-packages (from -r Backend/requirements.txt (line 1)) (0.110.0)
Requirement already satisfied: uvicorn==0.27.1 in /Users/sumanthreddy/Library/Python/3.9/lib/python/site-packages (from uvicorn[standard]==0.27.1->-r Backend/requirements.txt (line 2)) (0.27.1)
Requirement already satisfied: sqlalchemy==2.0.27 in /Users/sumanthreddy/Library/Python/3.9/lib/python/site-packages (from -r Backend/requirements.txt (line 3)) (2.0.27)
Requirement already satisfied: pymysql==1.1.0 in /Users/sumanthreddy/Library/Python/3.9/lib/python/site-packages (from -r Backend/requirements.txt (line 4)) (1.1.0)
Requirement already satisfied: cryptography==42.0.2 in /Users/sumanthreddy/Library/Python/3.9/lib/python/site-packages (from -r Backend/requirements.txt (line 5)) (42.0.2)
Requirement already satisfied: python-jose==3.3.0 in /Users/sumanthreddy/Library/Python/3.9/lib/python/site-packages (from python-jose[cryptography]==3.3.0->-r Backend/requirements.txt (line 6)) (3.3.0)
Requirement already satisfied: passlib==1.7.4 in /Users/sumanthreddy/Library/Python/3.9/lib/python/site-packages (from passlib[bcrypt]==1.7.4->-r Backend/requirements.txt (line 7)) (1.7.4)
Requirement already satisfied: bcrypt==4.1.2 in /Users/sumanthreddy/Library/Python/3.9/lib/python/site-packages (from -r Backend/requirements.txt (line 8)) (4.1.2)
Requirement already satisfied: python-multipart==0.0.9 in /Users/sumanthreddy/Library/Python/3.9/lib/python/site-packages (from -r Backend/requirements.txt (line 9)) (0.0.9)
Requirement already satisfied: pydantic==2.6.1 in /Users/sumanthreddy/Library/Python/3.9/lib/python/site-packages (from -r Backend/requirements.txt (line 10)) (2.6.1)
Requirement already satisfied: pydantic-settings==2.2.1 in /Users/sumanthreddy/Library/Python/3.9/lib/python/site-packages (from -r Backend/requirements.txt (line 11)) (2.2.1)
Requirement already satisfied: scikit-learn==1.4.0 in /Users/sumanthreddy/Library/Python/3.9/lib/python/site-packages (from -r Backend/requirements.txt (line 12)) (1.4.0)
Requirement already satisfied: joblib==1.3.2 in /Users/sumanthreddy/Library/Python/3.9/lib/python/site-packages (from -r Backend/requirements.txt (line 13)) (1.3.2)
Requirement already satisfied: pandas==2.2.0 in /Users/sumanthreddy/Library/Python/3.9/lib/python/site-packages (from -r Backend/requirements.txt (line 14)) (2.2.0)
Requirement already satisfied: numpy==1.26.4 in /Users/sumanthreddy/Library/Python/3.9/lib/python/site-packages (from -r Backend/requirements.txt (line 15)) (1.26.4)
Requirement already satisfied: google-generativeai==0.4.0 in /Users/sumanthreddy/Library/Python/3.9/lib/python/site-packages (from -r Backend/requirements.txt (line 16)) (0.4.0)
Requirement already satisfied: python-dotenv==1.0.1 in /Users/sumanthreddy/Library/Python/3.9/lib/python/site-packages (from -r Backend/requirements.txt (line 17)) (1.0.1)
Requirement already satisfied: faker==23.2.1 in /Users/sumanthreddy/Library/Python/3.9/lib/python/site-packages (from -r Backend/requirements.txt (line 18)) (23.2.1)
Requirement already satisfied: starlette<0.37.0,>=0.36.3 in /Users/sumanthreddy/Library/Python/3.9/lib/python/site-packages (from fastapi==0.110.0->-r Backend/requirements.txt (line 1)) (0.36.3)
Requirement already satisfied: typing-extensions>=4.8.0 in /Users/sumanthreddy/Library/Python/3.9/lib/python/site-packages (from fastapi==0.110.0->-r Backend/requirements.txt (line 1)) (4.15.0)
Requirement already satisfied: annotated-types>=0.4.0 in /Users/sumanthreddy/Library/Python/3.9/lib/python/site-packages (from pydantic==2.6.1->-r Backend/requirements.txt (line 10)) (0.7.0)
Requirement already satisfied: pydantic-core==2.16.2 in /Users/sumanthreddy/Library/Python/3.9/lib/python/site-packages (from pydantic==2.6.1->-r Backend/requirements.txt (line 10)) (2.16.2)
Requirement already satisfied: click>=7.0 in /Users/sumanthreddy/Library/Python/3.9/lib/python/site-packages (from uvicorn==0.27.1->uvicorn[standard]==0.27.1->-r Backend/requirements.txt (line 2)) (8.1.8)
Requirement already satisfied: h11>=0.8 in /Users/sumanthreddy/Library/Python/3.9/lib/python/site-packages (from uvicorn==0.27.1->uvicorn[standard]==0.27.1->-r Backend/requirements.txt (line 2)) (0.16.0)
Requirement already satisfied: cffi>=1.12 in /Users/sumanthreddy/Library/Python/3.9/lib/python/site-packages (from cryptography==42.0.2->-r Backend/requirements.txt (line 5)) (2.0.0)
Requirement already satisfied: ecdsa!=0.15 in /Users/sumanthreddy/Library/Python/3.9/lib/python/site-packages (from python-jose==3.3.0->python-jose[cryptography]==3.3.0->-r Backend/requirements.txt (line 6)) (0.19.2)
Requirement already satisfied: rsa in /Users/sumanthreddy/Library/Python/3.9/lib/python/site-packages (from python-jose==3.3.0->python-jose[cryptography]==3.3.0->-r Backend/requirements.txt (line 6)) (4.9.1)
Requirement already satisfied: pyasn1 in /Users/sumanthreddy/Library/Python/3.9/lib/python/site-packages (from python-jose==3.3.0->python-jose[cryptography]==3.3.0->-r Backend/requirements.txt (line 6)) (0.6.3)
Requirement already satisfied: scipy>=1.6.0 in /Users/sumanthreddy/Library/Python/3.9/lib/python/site-packages (from scikit-learn==1.4.0->-r Backend/requirements.txt (line 12)) (1.13.1)
Requirement already satisfied: threadpoolctl>=2.0.0 in /Users/sumanthreddy/Library/Python/3.9/lib/python/site-packages (from scikit-learn==1.4.0->-r Backend/requirements.txt (line 12)) (3.6.0)
Requirement already satisfied: python-dateutil>=2.8.2 in /Users/sumanthreddy/Library/Python/3.9/lib/python/site-packages (from pandas==2.2.0->-r Backend/requirements.txt (line 14)) (2.9.0.post0)
Requirement already satisfied: pytz>=2020.1 in /Users/sumanthreddy/Library/Python/3.9/lib/python/site-packages (from pandas==2.2.0->-r Backend/requirements.txt (line 14)) (2026.1.post1)
Requirement already satisfied: tzdata>=2022.7 in /Users/sumanthreddy/Library/Python/3.9/lib/python/site-packages (from pandas==2.2.0->-r Backend/requirements.txt (line 14)) (2025.3)
Requirement already satisfied: google-ai-generativelanguage==0.4.0 in /Users/sumanthreddy/Library/Python/3.9/lib/python/site-packages (from google-generativeai==0.4.0->-r Backend/requirements.txt (line 16)) (0.4.0)
Requirement already satisfied: google-auth>=2.15.0 in /Users/sumanthreddy/Library/Python/3.9/lib/python/site-packages (from google-generativeai==0.4.0->-r Backend/requirements.txt (line 16)) (2.50.0)
Requirement already satisfied: google-api-core in /Users/sumanthreddy/Library/Python/3.9/lib/python/site-packages (from google-generativeai==0.4.0->-r Backend/requirements.txt (line 16)) (2.30.3)
Requirement already satisfied: protobuf in /Users/sumanthreddy/Library/Python/3.9/lib/python/site-packages (from google-generativeai==0.4.0->-r Backend/requirements.txt (line 16)) (4.25.9)
Requirement already satisfied: tqdm in /Users/sumanthreddy/Library/Python/3.9/lib/python/site-packages (from google-generativeai==0.4.0->-r Backend/requirements.txt (line 16)) (4.67.3)
Requirement already satisfied: proto-plus<2.0.0dev,>=1.22.3 in /Users/sumanthreddy/Library/Python/3.9/lib/python/site-packages (from google-ai-generativelanguage==0.4.0->google-generativeai==0.4.0->-r Backend/requirements.txt (line 16)) (1.27.2)
Requirement already satisfied: httptools>=0.5.0 in /Users/sumanthreddy/Library/Python/3.9/lib/python/site-packages (from uvicorn[standard]==0.27.1->-r Backend/requirements.txt (line 2)) (0.8.0)
Requirement already satisfied: pyyaml>=5.1 in /Users/sumanthreddy/Library/Python/3.9/lib/python/site-packages (from uvicorn[standard]==0.27.1->-r Backend/requirements.txt (line 2)) (6.0.3)
Requirement already satisfied: uvloop!=0.15.0,!=0.15.1,>=0.14.0 in /Users/sumanthreddy/Library/Python/3.9/lib/python/site-packages (from uvicorn[standard]==0.27.1->-r Backend/requirements.txt (line 2)) (0.22.1)
Requirement already satisfied: watchfiles>=0.13 in /Users/sumanthreddy/Library/Python/3.9/lib/python/site-packages (from uvicorn[standard]==0.27.1->-r Backend/requirements.txt (line 2)) (1.1.1)
Requirement already satisfied: websockets>=10.4 in /Users/sumanthreddy/Library/Python/3.9/lib/python/site-packages (from uvicorn[standard]==0.27.1->-r Backend/requirements.txt (line 2)) (15.0.1)
Requirement already satisfied: googleapis-common-protos<2.0.0,>=1.63.2 in /Users/sumanthreddy/Library/Python/3.9/lib/python/site-packages (from google-api-core->google-generativeai==0.4.0->-r Backend/requirements.txt (line 16)) (1.75.0)
Requirement already satisfied: requests<3.0.0,>=2.20.0 in /Users/sumanthreddy/Library/Python/3.9/lib/python/site-packages (from google-api-core->google-generativeai==0.4.0->-r Backend/requirements.txt (line 16)) (2.32.5)
Requirement already satisfied: grpcio<2.0.0,>=1.33.2 in /Users/sumanthreddy/Library/Python/3.9/lib/python/site-packages (from google-api-core[grpc]!=2.0.*,!=2.1.*,!=2.10.*,!=2.2.*,!=2.3.*,!=2.4.*,!=2.5.*,!=2.6.*,!=2.7.*,!=2.8.*,!=2.9.*,<3.0.0dev,>=1.34.0->google-ai-generativelanguage==0.4.0->google-generativeai==0.4.0->-r Backend/requirements.txt (line 16)) (1.80.0)
Requirement already satisfied: grpcio-status<2.0.0,>=1.33.2 in /Users/sumanthreddy/Library/Python/3.9/lib/python/site-packages (from google-api-core[grpc]!=2.0.*,!=2.1.*,!=2.10.*,!=2.2.*,!=2.3.*,!=2.4.*,!=2.5.*,!=2.6.*,!=2.7.*,!=2.8.*,!=2.9.*,<3.0.0dev,>=1.34.0->google-ai-generativelanguage==0.4.0->google-generativeai==0.4.0->-r Backend/requirements.txt (line 16)) (1.62.3)
Requirement already satisfied: pyasn1-modules>=0.2.1 in /Users/sumanthreddy/Library/Python/3.9/lib/python/site-packages (from google-auth>=2.15.0->google-generativeai==0.4.0->-r Backend/requirements.txt (line 16)) (0.4.2)
Requirement already satisfied: charset_normalizer<4,>=2 in /Users/sumanthreddy/Library/Python/3.9/lib/python/site-packages (from requests<3.0.0,>=2.20.0->google-api-core->google-generativeai==0.4.0->-r Backend/requirements.txt (line 16)) (3.4.6)
Requirement already satisfied: idna<4,>=2.5 in /Users/sumanthreddy/Library/Python/3.9/lib/python/site-packages (from requests<3.0.0,>=2.20.0->google-api-core->google-generativeai==0.4.0->-r Backend/requirements.txt (line 16)) (3.11)
Requirement already satisfied: urllib3<3,>=1.21.1 in /Users/sumanthreddy/Library/Python/3.9/lib/python/site-packages (from requests<3.0.0,>=2.20.0->google-api-core->google-generativeai==0.4.0->-r Backend/requirements.txt (line 16)) (2.6.3)
Requirement already satisfied: certifi>=2017.4.17 in /Users/sumanthreddy/Library/Python/3.9/lib/python/site-packages (from requests<3.0.0,>=2.20.0->google-api-core->google-generativeai==0.4.0->-r Backend/requirements.txt (line 16)) (2026.2.25)
Requirement already satisfied: anyio<5,>=3.4.0 in /Users/sumanthreddy/Library/Python/3.9/lib/python/site-packages (from starlette<0.37.0,>=0.36.3->fastapi==0.110.0->-r Backend/requirements.txt (line 1)) (4.12.1)
Requirement already satisfied: exceptiongroup>=1.0.2 in /Users/sumanthreddy/Library/Python/3.9/lib/python/site-packages (from anyio<5,>=3.4.0->starlette<0.37.0,>=0.36.3->fastapi==0.110.0->-r Backend/requirements.txt (line 1)) (1.3.1)
Requirement already satisfied: pycparser in /Users/sumanthreddy/Library/Python/3.9/lib/python/site-packages (from cffi>=1.12->cryptography==42.0.2->-r Backend/requirements.txt (line 5)) (2.23)
Requirement already satisfied: six>=1.9.0 in /Library/Developer/CommandLineTools/Library/Frameworks/Python3.framework/Versions/3.9/lib/python3.9/site-packages (from ecdsa!=0.15->python-jose==3.3.0->python-jose[cryptography]==3.3.0->-r Backend/requirements.txt (line 6)) (1.15.0)
